<?xml version="1.0" encoding="UTF-8"?><testrun name="TestMemberRepo (1)" project="Member" tests="1" started="1" failures="0" errors="1" ignored="0">
  <testsuite name="com.cog.TestMemberRepo" time="0.016">
    <testcase name="initializationError" classname="com.cog.TestMemberRepo" time="0.016">
      <error>java.lang.IllegalStateException: Neither GenericXmlContextLoader nor AnnotationConfigContextLoader was able to detect defaults, and no ApplicationContextInitializers were declared for context configuration [ContextConfigurationAttributes@2d583afc declaringClass = 'com.cog.TestMemberRepo', classes = '{}', locations = '{}', inheritLocations = true, initializers = '{}', inheritInitializers = true, name = [null], contextLoaderClass = 'org.springframework.test.context.ContextLoader']&#13;
	at org.springframework.test.context.support.AbstractDelegatingSmartContextLoader.processContextConfiguration(AbstractDelegatingSmartContextLoader.java:208)&#13;
	at org.springframework.test.context.support.AbstractTestContextBootstrapper.buildMergedContextConfiguration(AbstractTestContextBootstrapper.java:351)&#13;
	at org.springframework.test.context.support.AbstractTestContextBootstrapper.buildMergedContextConfiguration(AbstractTestContextBootstrapper.java:308)&#13;
	at org.springframework.test.context.support.AbstractTestContextBootstrapper.buildTestContext(AbstractTestContextBootstrapper.java:110)&#13;
	at org.springframework.test.context.TestContextManager.&lt;init&gt;(TestContextManager.java:120)&#13;
	at org.springframework.test.context.TestContextManager.&lt;init&gt;(TestContextManager.java:105)&#13;
	at org.springframework.test.context.junit4.SpringJUnit4ClassRunner.createTestContextManager(SpringJUnit4ClassRunner.java:141)&#13;
	at org.springframework.test.context.junit4.SpringJUnit4ClassRunner.&lt;init&gt;(SpringJUnit4ClassRunner.java:132)&#13;
	at sun.reflect.NativeConstructorAccessorImpl.newInstance0(Native Method)&#13;
	at sun.reflect.NativeConstructorAccessorImpl.newInstance(NativeConstructorAccessorImpl.java:57)&#13;
	at sun.reflect.DelegatingConstructorAccessorImpl.newInstance(DelegatingConstructorAccessorImpl.java:45)&#13;
	at java.lang.reflect.Constructor.newInstance(Constructor.java:526)&#13;
	at org.junit.internal.builders.AnnotatedBuilder.buildRunner(AnnotatedBuilder.java:29)&#13;
	at org.junit.internal.builders.AnnotatedBuilder.runnerForClass(AnnotatedBuilder.java:21)&#13;
	at org.junit.runners.model.RunnerBuilder.safeRunnerForClass(RunnerBuilder.java:59)&#13;
	at org.junit.internal.builders.AllDefaultPossibilitiesBuilder.runnerForClass(AllDefaultPossibilitiesBuilder.java:26)&#13;
	at org.junit.runners.model.RunnerBuilder.safeRunnerForClass(RunnerBuilder.java:59)&#13;
	at org.junit.internal.requests.ClassRequest.getRunner(ClassRequest.java:26)&#13;
	at org.eclipse.jdt.internal.junit4.runner.JUnit4TestReference.&lt;init&gt;(JUnit4TestReference.java:33)&#13;
	at org.eclipse.jdt.internal.junit4.runner.JUnit4TestClassReference.&lt;init&gt;(JUnit4TestClassReference.java:25)&#13;
	at org.eclipse.jdt.internal.junit4.runner.JUnit4TestLoader.createTest(JUnit4TestLoader.java:48)&#13;
	at org.eclipse.jdt.internal.junit4.runner.JUnit4TestLoader.loadTests(JUnit4TestLoader.java:38)&#13;
	at org.eclipse.jdt.internal.junit.runner.RemoteTestRunner.runTests(RemoteTestRunner.java:452)&#13;
	at org.eclipse.jdt.internal.junit.runner.RemoteTestRunner.runTests(RemoteTestRunner.java:683)&#13;
	at org.eclipse.jdt.internal.junit.runner.RemoteTestRunner.run(RemoteTestRunner.java:390)&#13;
	at org.eclipse.jdt.internal.junit.runner.RemoteTestRunner.main(RemoteTestRunner.java:197)&#13;
&#13;
</error>
    </testcase>
  </testsuite>
</testrun>
